Student_Portal_App/build/app/intermediates/manifest_merge_blame_file/debug/manifest-merger-blame-debug-report.txt
1<?xml version="1.0" encoding="utf-8"?>
2<manifest xmlns:android="http://schemas.android.com/apk/res/android"
3    package="com.example.flutter_app"
4    android:versionCode="1"
5    android:versionName="1.0" >
6
7    <uses-sdk
8        android:minSdkVersion="21"
9        android:targetSdkVersion="28" />
10    <!--
11         Flutter needs it to communicate with the running application
12         to allow setting breakpoints, to provide hot reload, etc.
13    -->
14    <uses-permission android:name="android.permission.INTERNET" />
14-->src\debug\AndroidManifest.xml:6:5-66
14-->src\debug\AndroidManifest.xml:6:22-64
15    <!--
16     io.flutter.app.FlutterApplication is an android.app.Application that
17         calls FlutterMain.startInitialization(this); in its onCreate method.
18         In most cases you can leave this as-is, but you if you want to provide
19         additional functionality it is fine to subclass or reimplement
20         FlutterApplication and put your custom class here.
21    -->
22    <uses-permission android:name="android.permission.RECEIVE_BOOT_COMPLETED" />
22-->src\main\AndroidManifest.xml:9:5-80
22-->src\main\AndroidManifest.xml:9:22-78
23    <uses-permission android:name="android.permission.VIBRATE" />
23-->src\main\AndroidManifest.xml:10:5-66
23-->src\main\AndroidManifest.xml:10:22-63
24    <uses-permission android:name="android.permission.READ_EXTERNAL_STORAGE" />
24-->[:image_picker] AndroidManifest.xml:7:5-80
24-->[:image_picker] AndroidManifest.xml:7:22-77
25    <uses-permission android:name="android.permission.WRITE_EXTERNAL_STORAGE" />
25-->[:image_picker] AndroidManifest.xml:8:5-81
25-->[:image_picker] AndroidManifest.xml:8:22-78
26    <uses-permission android:name="android.permission.RECORD_AUDIO" />
26-->[:agora_rtc_engine] AndroidManifest.xml:8:5-71
26-->[:agora_rtc_engine] AndroidManifest.xml:8:22-68
27    <uses-permission android:name="android.permission.CAMERA" />
27-->[:agora_rtc_engine] AndroidManifest.xml:9:5-65
27-->[:agora_rtc_engine] AndroidManifest.xml:9:22-62
28    <uses-permission android:name="android.permission.MODIFY_AUDIO_SETTINGS" />
28-->[:agora_rtc_engine] AndroidManifest.xml:10:5-80
28-->[:agora_rtc_engine] AndroidManifest.xml:10:22-77
29    <uses-permission android:name="android.permission.ACCESS_NETWORK_STATE" />
29-->[:agora_rtc_engine] AndroidManifest.xml:11:5-79
29-->[:agora_rtc_engine] AndroidManifest.xml:11:22-76
30    <uses-permission android:name="android.permission.BLUETOOTH" />
30-->[:agora_rtc_engine] AndroidManifest.xml:13:5-68
30-->[:agora_rtc_engine] AndroidManifest.xml:13:22-65
31    <uses-permission android:name="android.permission.WAKE_LOCK" /> <!-- Required by older versions of Google Play services to create IID tokens -->
31-->[com.google.firebase:firebase-iid:20.0.1] AndroidManifest.xml:24:5-68
31-->[com.google.firebase:firebase-iid:20.0.1] AndroidManifest.xml:24:22-65
32    <uses-permission android:name="com.google.android.c2dm.permission.RECEIVE" />
32-->[com.google.firebase:firebase-iid:20.0.1] AndroidManifest.xml:26:5-82
32-->[com.google.firebase:firebase-iid:20.0.1] AndroidManifest.xml:26:22-79
33
34    <application
34-->src\main\AndroidManifest.xml:11:5-40:19
35        android:name="io.flutter.app.FlutterApplication"
35-->src\main\AndroidManifest.xml:12:9-57
36        android:appComponentFactory="androidx.core.app.CoreComponentFactory"
36-->[androidx.core:core:1.2.0] AndroidManifest.xml:24:18-86
37        android:debuggable="true"
38        android:icon="@mipmap/ic_launcher"
38-->src\main\AndroidManifest.xml:14:9-43
39        android:label="flutter_app" >
39-->src\main\AndroidManifest.xml:13:9-36
40        <activity
40-->src\main\AndroidManifest.xml:15:9-28:20
41            android:name="com.example.flutter_app.MainActivity"
41-->src\main\AndroidManifest.xml:16:13-41
42            android:configChanges="orientation|keyboardHidden|keyboard|screenSize|smallestScreenSize|locale|layoutDirection|fontScale|screenLayout|density|uiMode"
42-->src\main\AndroidManifest.xml:19:13-163
43            android:hardwareAccelerated="true"
43-->src\main\AndroidManifest.xml:20:13-47
44            android:launchMode="singleTop"
44-->src\main\AndroidManifest.xml:17:13-43
45            android:theme="@style/LaunchTheme"
45-->src\main\AndroidManifest.xml:18:13-47
46            android:windowSoftInputMode="adjustResize" >
46-->src\main\AndroidManifest.xml:21:13-55
47            <intent-filter>
47-->src\main\AndroidManifest.xml:22:13-27:29
48                <action android:name="FLUTTER_NOTIFICATION_CLICK" />
48-->src\main\AndroidManifest.xml:23:17-69
48-->src\main\AndroidManifest.xml:23:25-66
49
50                <category android:name="android.intent.category.DEFAULT" />
50-->src\main\AndroidManifest.xml:24:17-76
50-->src\main\AndroidManifest.xml:24:27-73
51
52                <action android:name="android.intent.action.MAIN" />
52-->src\main\AndroidManifest.xml:25:17-68
52-->src\main\AndroidManifest.xml:25:25-66
53
54                <category android:name="android.intent.category.LAUNCHER" />
54-->src\main\AndroidManifest.xml:26:17-76
54-->src\main\AndroidManifest.xml:26:27-74
55            </intent-filter>
56        </activity>
57
58        <receiver android:name="com.dexterous.flutterlocalnotifications.ScheduledNotificationBootReceiver" >
58-->src\main\AndroidManifest.xml:29:5-33:16
58-->src\main\AndroidManifest.xml:29:15-103
59            <intent-filter>
59-->src\main\AndroidManifest.xml:30:9-32:25
60                <action android:name="android.intent.action.BOOT_COMPLETED" />
60-->src\main\AndroidManifest.xml:31:13-82
60-->src\main\AndroidManifest.xml:31:21-72
61            </intent-filter>
62        </receiver>
63        <receiver android:name="com.dexterous.flutterlocalnotifications.ScheduledNotificationReceiver" />
63-->src\main\AndroidManifest.xml:34:5-102
63-->src\main\AndroidManifest.xml:34:15-99
64        <!--
65             Don't delete the meta-data below.
66             This is used by the Flutter tool to generate GeneratedPluginRegistrant.java
67        -->
68        <meta-data
68-->src\main\AndroidManifest.xml:37:9-39:33
69            android:name="flutterEmbedding"
69-->src\main\AndroidManifest.xml:38:13-44
70            android:value="2" />
70-->src\main\AndroidManifest.xml:39:13-30
71
72        <service
72-->[:firebase_storage] AndroidManifest.xml:8:9-12:19
73            android:name="com.google.firebase.components.ComponentDiscoveryService"
73-->[:firebase_storage] AndroidManifest.xml:8:18-89
74            android:directBootAware="true"
74-->[com.google.firebase:firebase-common:19.3.0] AndroidManifest.xml:34:13-43
75            android:exported="false" >
75-->[com.google.firebase:firebase-firestore:21.3.0] AndroidManifest.xml:19:13-37
76            <meta-data
76-->[:firebase_storage] AndroidManifest.xml:9:13-11:85
77                android:name="com.google.firebase.components:io.flutter.plugins.firebase.storage.FlutterFirebaseAppRegistrar"
77-->[:firebase_storage] AndroidManifest.xml:10:17-126
78                android:value="com.google.firebase.components.ComponentRegistrar" />
78-->[:firebase_storage] AndroidManifest.xml:11:17-82
79            <meta-data
79-->[:cloud_firestore] AndroidManifest.xml:9:13-11:85
80                android:name="com.google.firebase.components:io.flutter.plugins.firebase.cloudfirestore.FlutterFirebaseAppRegistrar"
80-->[:cloud_firestore] AndroidManifest.xml:10:17-133
81                android:value="com.google.firebase.components.ComponentRegistrar" />
81-->[:cloud_firestore] AndroidManifest.xml:11:17-82
82            <meta-data
82-->[:firebase_auth] AndroidManifest.xml:9:13-11:85
83                android:name="com.google.firebase.components:io.flutter.plugins.firebaseauth.FlutterFirebaseAppRegistrar"
83-->[:firebase_auth] AndroidManifest.xml:10:17-122
84                android:value="com.google.firebase.components.ComponentRegistrar" />
84-->[:firebase_auth] AndroidManifest.xml:11:17-82
85            <meta-data
85-->[:firebase_core] AndroidManifest.xml:9:13-11:85
86                android:name="com.google.firebase.components:io.flutter.plugins.firebase.core.FlutterFirebaseAppRegistrar"
86-->[:firebase_core] AndroidManifest.xml:10:17-123
87                android:value="com.google.firebase.components.ComponentRegistrar" />
87-->[:firebase_core] AndroidManifest.xml:11:17-82
88            <meta-data
88-->[:firebase_messaging] AndroidManifest.xml:14:13-16:85
89                android:name="com.google.firebase.components:io.flutter.plugins.firebasemessaging.FlutterFirebaseAppRegistrar"
89-->[:firebase_messaging] AndroidManifest.xml:15:17-127
90                android:value="com.google.firebase.components.ComponentRegistrar" />
90-->[:firebase_messaging] AndroidManifest.xml:16:17-82
91            <meta-data
91-->[com.google.firebase:firebase-storage:17.0.0] AndroidManifest.xml:31:13-33:85
92                android:name="com.google.firebase.components:com.google.firebase.storage.StorageRegistrar"
92-->[com.google.firebase:firebase-storage:17.0.0] AndroidManifest.xml:32:17-107
93                android:value="com.google.firebase.components.ComponentRegistrar" />
93-->[com.google.firebase:firebase-storage:17.0.0] AndroidManifest.xml:33:17-82
94            <meta-data
94-->[com.google.firebase:firebase-firestore:21.3.0] AndroidManifest.xml:20:13-22:85
95                android:name="com.google.firebase.components:com.google.firebase.firestore.FirestoreRegistrar"
95-->[com.google.firebase:firebase-firestore:21.3.0] AndroidManifest.xml:21:17-111
96                android:value="com.google.firebase.components.ComponentRegistrar" />
96-->[com.google.firebase:firebase-firestore:21.3.0] AndroidManifest.xml:22:17-82
97            <meta-data
97-->[com.google.firebase:firebase-auth:17.0.0] AndroidManifest.xml:36:13-38:85
98                android:name="com.google.firebase.components:com.google.firebase.auth.FirebaseAuthRegistrar"
98-->[com.google.firebase:firebase-auth:17.0.0] AndroidManifest.xml:37:17-109
99                android:value="com.google.firebase.components.ComponentRegistrar" />
99-->[com.google.firebase:firebase-auth:17.0.0] AndroidManifest.xml:38:17-82
100            <meta-data
100-->[com.google.firebase:firebase-iid:20.0.1] AndroidManifest.xml:32:13-34:85
101                android:name="com.google.firebase.components:com.google.firebase.iid.Registrar"
101-->[com.google.firebase:firebase-iid:20.0.1] AndroidManifest.xml:33:17-96
102                android:value="com.google.firebase.components.ComponentRegistrar" />
102-->[com.google.firebase:firebase-iid:20.0.1] AndroidManifest.xml:34:17-82
103        </service>
104
105        <provider
105-->[:image_picker] AndroidManifest.xml:11:9-19:20
106            android:name="io.flutter.plugins.imagepicker.ImagePickerFileProvider"
106-->[:image_picker] AndroidManifest.xml:12:13-82
107            android:authorities="com.example.flutter_app.flutter.image_provider"
107-->[:image_picker] AndroidManifest.xml:13:13-74
108            android:exported="false"
108-->[:image_picker] AndroidManifest.xml:14:13-37
109            android:grantUriPermissions="true" >
109-->[:image_picker] AndroidManifest.xml:15:13-47
110            <meta-data
110-->[:image_picker] AndroidManifest.xml:16:13-18:75
111                android:name="android.support.FILE_PROVIDER_PATHS"
111-->[:image_picker] AndroidManifest.xml:17:17-67
112                android:resource="@xml/flutter_image_picker_file_paths" />
112-->[:image_picker] AndroidManifest.xml:18:17-72
113        </provider>
114
115        <service android:name="io.flutter.plugins.firebasemessaging.FlutterFirebaseMessagingService" >
115-->[:firebase_messaging] AndroidManifest.xml:8:9-12:19
115-->[:firebase_messaging] AndroidManifest.xml:8:18-101
116            <intent-filter>
116-->[:firebase_messaging] AndroidManifest.xml:9:13-11:29
117                <action android:name="com.google.firebase.MESSAGING_EVENT" />
117-->[:firebase_messaging] AndroidManifest.xml:10:17-78
117-->[:firebase_messaging] AndroidManifest.xml:10:25-75
118            </intent-filter>
119        </service>
120        <!--
121             FirebaseMessagingService performs security checks at runtime,
122             but set to not exported to explicitly avoid allowing another app to call it.
123        -->
124        <service
124-->[com.google.firebase:firebase-messaging:20.0.1] AndroidManifest.xml:28:9-34:19
125            android:name="com.google.firebase.messaging.FirebaseMessagingService"
125-->[com.google.firebase:firebase-messaging:20.0.1] AndroidManifest.xml:29:13-82
126            android:exported="false" >
126-->[com.google.firebase:firebase-messaging:20.0.1] AndroidManifest.xml:30:13-37
127            <intent-filter android:priority="-500" >
127-->[:firebase_messaging] AndroidManifest.xml:9:13-11:29
128                <action android:name="com.google.firebase.MESSAGING_EVENT" />
128-->[:firebase_messaging] AndroidManifest.xml:10:17-78
128-->[:firebase_messaging] AndroidManifest.xml:10:25-75
129            </intent-filter>
130        </service>
131
132        <activity
132-->[com.google.firebase:firebase-auth:17.0.0] AndroidManifest.xml:24:9-31:50
133            android:name="com.google.firebase.auth.internal.FederatedSignInActivity"
133-->[com.google.firebase:firebase-auth:17.0.0] AndroidManifest.xml:25:13-85
134            android:excludeFromRecents="true"
134-->[com.google.firebase:firebase-auth:17.0.0] AndroidManifest.xml:26:13-46
135            android:exported="true"
135-->[com.google.firebase:firebase-auth:17.0.0] AndroidManifest.xml:27:13-36
136            android:launchMode="singleTask"
136-->[com.google.firebase:firebase-auth:17.0.0] AndroidManifest.xml:28:13-44
137            android:permission="com.google.firebase.auth.api.gms.permission.LAUNCH_FEDERATED_SIGN_IN"
137-->[com.google.firebase:firebase-auth:17.0.0] AndroidManifest.xml:29:13-102
138            android:theme="@android:style/Theme.Translucent.NoTitleBar" />
138-->[com.google.firebase:firebase-auth:17.0.0] AndroidManifest.xml:30:13-72
139
140        <receiver
140-->[com.google.firebase:firebase-iid:20.0.1] AndroidManifest.xml:37:9-44:20
141            android:name="com.google.firebase.iid.FirebaseInstanceIdReceiver"
141-->[com.google.firebase:firebase-iid:20.0.1] AndroidManifest.xml:38:13-78
142            android:exported="true"
142-->[com.google.firebase:firebase-iid:20.0.1] AndroidManifest.xml:39:13-36
143            android:permission="com.google.android.c2dm.permission.SEND" >
143-->[com.google.firebase:firebase-iid:20.0.1] AndroidManifest.xml:40:13-73
144            <intent-filter>
144-->[com.google.firebase:firebase-iid:20.0.1] AndroidManifest.xml:41:13-43:29
145                <action android:name="com.google.android.c2dm.intent.RECEIVE" />
145-->[com.google.firebase:firebase-iid:20.0.1] AndroidManifest.xml:42:17-81
145-->[com.google.firebase:firebase-iid:20.0.1] AndroidManifest.xml:42:25-78
146            </intent-filter>
147        </receiver>
148
149        <provider
149-->[com.google.firebase:firebase-common:19.3.0] AndroidManifest.xml:26:9-30:39
150            android:name="com.google.firebase.provider.FirebaseInitProvider"
150-->[com.google.firebase:firebase-common:19.3.0] AndroidManifest.xml:27:13-77
151            android:authorities="com.example.flutter_app.firebaseinitprovider"
151-->[com.google.firebase:firebase-common:19.3.0] AndroidManifest.xml:28:13-72
152            android:exported="false"
152-->[com.google.firebase:firebase-common:19.3.0] AndroidManifest.xml:29:13-37
153            android:initOrder="100" />
153-->[com.google.firebase:firebase-common:19.3.0] AndroidManifest.xml:30:13-36
154
155        <activity
155-->[com.google.android.gms:play-services-base:17.0.0] AndroidManifest.xml:23:9-26:75
156            android:name="com.google.android.gms.common.api.GoogleApiActivity"
156-->[com.google.android.gms:play-services-base:17.0.0] AndroidManifest.xml:24:13-79
157            android:exported="false"
157-->[com.google.android.gms:play-services-base:17.0.0] AndroidManifest.xml:25:13-37
158            android:theme="@android:style/Theme.Translucent.NoTitleBar" />
158-->[com.google.android.gms:play-services-base:17.0.0] AndroidManifest.xml:26:13-72
159
160        <meta-data
160-->[com.google.android.gms:play-services-basement:17.0.0] AndroidManifest.xml:23:9-25:69
161            android:name="com.google.android.gms.version"
161-->[com.google.android.gms:play-services-basement:17.0.0] AndroidManifest.xml:24:13-58
162            android:value="@integer/google_play_services_version" />
162-->[com.google.android.gms:play-services-basement:17.0.0] AndroidManifest.xml:25:13-66
163    </application>
164
165</manifest>